<?xml version='1.0' encoding='UTF-8'?>
<testsuite hostname="Fabio-Testino" name="mxfp4.MXFP4DotProductTest" tests="6" errors="0" failures="0" skipped="0" time="14.186" timestamp="2026-04-01T09:55:27">
          <properties>
[...]
</properties>
          <testcase classname="mxfp4.MXFP4DotProductTest" name="MXFP4DotProductEngine (SpinalHDL) should calcolare dot product combinatorio N=4" time="5.293">
                      
                    </testcase><testcase classname="mxfp4.MXFP4DotProductTest" name="MXFP4DotProductEngine (SpinalHDL) should gestire segni negativi correttamente" time="0.256">
                      
                    </testcase><testcase classname="mxfp4.MXFP4DotProductTest" name="MXFP4DotProductEngine (SpinalHDL) should restituire zero con vettore nullo" time="0.187">
                      
                    </testcase><testcase classname="mxfp4.MXFP4DotProductTest" name="MXFP4DotProductEngine (SpinalHDL) should funzionare con pipeline_depth=1 su N=8" time="3.973">
                      
                    </testcase><testcase classname="mxfp4.MXFP4DotProductTest" name="MXFP4DotProductEngine (SpinalHDL) should funzionare con pipeline_depth=2 su N=8" time="4.324">
                      
                    </testcase><testcase classname="mxfp4.MXFP4DotProductTest" name="MXFP4DotProductEngine (SpinalHDL) should sommare correttamente scaleA e scaleB" time="0.153">
                      
                    </testcase>
          <system-out><![CDATA[]]></system-out>
          <system-err><![CDATA[]]></system-err>
        </testsuite>