<?xml version='1.0' encoding='UTF-8'?>
<testsuite hostname="Fabio-Testino" name="elevator.ElevatorControllerTest" tests="5" errors="0" failures="0" skipped="0" time="3.213" timestamp="2026-03-04T12:15:19">
          <properties>
[...]
</properties>
          <testcase classname="elevator.ElevatorControllerTest" name="ElevatorController should initialize in idle state" time="2.084">
                      
                    </testcase><testcase classname="elevator.ElevatorControllerTest" name="ElevatorController should move up when requested" time="0.303">
                      
                    </testcase><testcase classname="elevator.ElevatorControllerTest" name="ElevatorController should move down when requested" time="0.248">
                      
                    </testcase><testcase classname="elevator.ElevatorControllerTest" name="ElevatorController should open doors at target floor" time="0.409">
                      
                    </testcase><testcase classname="elevator.ElevatorControllerTest" name="ElevatorController should handle emergency stop" time="0.169">
                      
                    </testcase>
          <system-out><![CDATA[]]></system-out>
          <system-err><![CDATA[]]></system-err>
        </testsuite>